*** SLURM BATCH JOB 'test_job' STARTING ***
*** Activating environment inrs ***
/home/dana.gershon/miniconda3/envs/inrs/lib/python3.10/site-packages/torch/functional.py:504: UserWarning: torch.meshgrid: in an upcoming release, it will be required to pass the indexing argument. (Triggered internally at ../aten/src/ATen/native/TensorShape.cpp:3483.)
  return _VF.meshgrid(tensors, **kwargs)  # type: ignore[attr-defined]

Epoch 1/50:   0%|          | 0/274 [00:00<?, ?it/s]
Epoch 1/50:   0%|          | 1/274 [00:01<04:54,  1.08s/it]
Epoch 1/50:   8%|▊         | 21/274 [00:01<00:10, 24.10it/s]
Epoch 1/50:  14%|█▍        | 39/274 [00:01<00:05, 45.95it/s]
Epoch 1/50:  22%|██▏       | 59/274 [00:01<00:03, 71.64it/s]
Epoch 1/50:  29%|██▉       | 80/274 [00:01<00:01, 98.07it/s]
Epoch 1/50:  37%|███▋      | 101/274 [00:01<00:01, 121.28it/s]
Epoch 1/50:  45%|████▍     | 123/274 [00:01<00:01, 144.00it/s]
Epoch 1/50:  53%|█████▎    | 145/274 [00:01<00:00, 161.14it/s]
Epoch 1/50:  61%|██████    | 167/274 [00:01<00:00, 175.97it/s]
Epoch 1/50:  69%|██████▊   | 188/274 [00:02<00:00, 182.39it/s]
Epoch 1/50:  76%|███████▋  | 209/274 [00:02<00:00, 187.67it/s]
Epoch 1/50:  84%|████████▍ | 231/274 [00:02<00:00, 196.70it/s]
Epoch 1/50:  92%|█████████▏| 252/274 [00:02<00:00, 199.45it/s]
                                                              
Epoch [1/50] - Avg Loss: 0.7102, Accuracy: 75.16%
Validation - Loss: 0.4659, Accuracy: 82.64%

Epoch 2/50:   0%|          | 0/274 [00:00<?, ?it/s]
Epoch 2/50:   1%|          | 2/274 [00:00<00:13, 19.53it/s]
Epoch 2/50:   8%|▊         | 21/274 [00:00<00:02, 112.23it/s]
Epoch 2/50:  16%|█▌        | 43/274 [00:00<00:01, 155.28it/s]
Epoch 2/50:  23%|██▎       | 63/274 [00:00<00:01, 170.66it/s]
Epoch 2/50:  30%|███       | 83/274 [00:00<00:01, 178.66it/s]
Epoch 2/50:  38%|███▊      | 105/274 [00:00<00:00, 189.14it/s]
Epoch 2/50:  46%|████▋     | 127/274 [00:00<00:00, 198.03it/s]
Epoch 2/50:  54%|█████▍    | 148/274 [00:00<00:00, 200.20it/s]
Epoch 2/50:  62%|██████▏   | 169/274 [00:00<00:00, 201.05it/s]
Epoch 2/50:  70%|██████▉   | 191/274 [00:01<00:00, 204.29it/s]
Epoch 2/50:  77%|███████▋  | 212/274 [00:01<00:00, 203.95it/s]
Epoch 2/50:  85%|████████▌ | 234/274 [00:01<00:00, 207.04it/s]
Epoch 2/50:  93%|█████████▎| 255/274 [00:01<00:00, 206.06it/s]
                                                              
Epoch [2/50] - Avg Loss: 0.4756, Accuracy: 82.63%
Validation - Loss: 0.4029, Accuracy: 85.38%

Epoch 3/50:   0%|          | 0/274 [00:00<?, ?it/s]
Epoch 3/50:   0%|          | 1/274 [00:00<00:28,  9.57it/s]
Epoch 3/50:   7%|▋         | 20/274 [00:00<00:02, 109.10it/s]
Epoch 3/50:  14%|█▍        | 39/274 [00:00<00:01, 140.68it/s]
Epoch 3/50:  22%|██▏       | 60/274 [00:00<00:01, 166.85it/s]
Epoch 3/50:  30%|██▉       | 81/274 [00:00<00:01, 178.88it/s]
Epoch 3/50:  37%|███▋      | 102/274 [00:00<00:00, 188.28it/s]
Epoch 3/50:  45%|████▍     | 123/274 [00:00<00:00, 194.12it/s]
Epoch 3/50:  52%|█████▏    | 143/274 [00:00<00:00, 195.81it/s]
Epoch 3/50:  60%|█████▉    | 164/274 [00:00<00:00, 198.69it/s]
Epoch 3/50:  68%|██████▊   | 186/274 [00:01<00:00, 202.42it/s]
Epoch 3/50:  76%|███████▌  | 207/274 [00:01<00:00, 203.07it/s]
Epoch 3/50:  84%|████████▍ | 230/274 [00:01<00:00, 207.30it/s]
Epoch 3/50:  92%|█████████▏| 251/274 [00:01<00:00, 207.92it/s]
Epoch 3/50: 100%|█████████▉| 273/274 [00:01<00:00, 210.96it/s]
                                                              
Epoch [3/50] - Avg Loss: 0.4288, Accuracy: 84.41%
Validation - Loss: 0.3920, Accuracy: 85.18%
Patience counter: 1/10

Epoch 4/50:   0%|          | 0/274 [00:00<?, ?it/s]
Epoch 4/50:   1%|          | 2/274 [00:00<00:14, 19.33it/s]
Epoch 4/50:   7%|▋         | 20/274 [00:00<00:02, 111.97it/s]
Epoch 4/50:  15%|█▍        | 40/274 [00:00<00:01, 149.26it/s]
Epoch 4/50:  22%|██▏       | 61/274 [00:00<00:01, 171.67it/s]
Epoch 4/50:  30%|██▉       | 81/274 [00:00<00:01, 177.69it/s]
Epoch 4/50:  38%|███▊      | 103/274 [00:00<00:00, 191.59it/s]
Epoch 4/50:  45%|████▌     | 124/274 [00:00<00:00, 195.92it/s]
Epoch 4/50:  53%|█████▎    | 146/274 [00:00<00:00, 200.31it/s]
Epoch 4/50:  61%|██████    | 167/274 [00:00<00:00, 203.19it/s]
Epoch 4/50:  69%|██████▉   | 189/274 [00:01<00:00, 205.40it/s]
Epoch 4/50:  77%|███████▋  | 211/274 [00:01<00:00, 207.18it/s]
Epoch 4/50:  85%|████████▍ | 232/274 [00:01<00:00, 205.84it/s]
Epoch 4/50:  93%|█████████▎| 255/274 [00:01<00:00, 208.93it/s]
                                                              
Epoch [4/50] - Avg Loss: 0.4058, Accuracy: 85.07%
Validation - Loss: 0.3747, Accuracy: 86.32%

Epoch 5/50:   0%|          | 0/274 [00:00<?, ?it/s]
Epoch 5/50:   1%|          | 2/274 [00:00<00:13, 19.54it/s]
Epoch 5/50:   7%|▋         | 19/274 [00:00<00:02, 107.15it/s]
Epoch 5/50:  15%|█▍        | 40/274 [00:00<00:01, 152.14it/s]
Epoch 5/50:  22%|██▏       | 60/274 [00:00<00:01, 166.22it/s]
Epoch 5/50:  29%|██▉       | 80/274 [00:00<00:01, 175.41it/s]
Epoch 5/50:  36%|███▋      | 100/274 [00:00<00:00, 181.78it/s]
Epoch 5/50:  44%|████▍     | 120/274 [00:00<00:00, 185.45it/s]
Epoch 5/50:  51%|█████     | 140/274 [00:00<00:00, 189.10it/s]
Epoch 5/50:  59%|█████▉    | 163/274 [00:00<00:00, 198.49it/s]
Epoch 5/50:  67%|██████▋   | 183/274 [00:01<00:00, 198.69it/s]
Epoch 5/50:  75%|███████▍  | 205/274 [00:01<00:00, 203.49it/s]
Epoch 5/50:  83%|████████▎ | 227/274 [00:01<00:00, 206.03it/s]
Epoch 5/50:  91%|█████████ | 248/274 [00:01<00:00, 206.51it/s]
Epoch 5/50:  99%|█████████▊| 270/274 [00:01<00:00, 206.10it/s]
                                                              
Epoch [5/50] - Avg Loss: 0.3861, Accuracy: 85.86%
Validation - Loss: 0.3660, Accuracy: 86.58%

Epoch 6/50:   0%|          | 0/274 [00:00<?, ?it/s]
Epoch 6/50:   1%|          | 2/274 [00:00<00:14, 18.14it/s]
Epoch 6/50:   7%|▋         | 20/274 [00:00<00:02, 107.51it/s]
Epoch 6/50:  15%|█▍        | 41/274 [00:00<00:01, 148.60it/s]
Epoch 6/50:  23%|██▎       | 62/274 [00:00<00:01, 171.52it/s]
Epoch 6/50:  30%|██▉       | 82/274 [00:00<00:01, 179.88it/s]
Epoch 6/50:  38%|███▊      | 104/274 [00:00<00:00, 190.64it/s]
Epoch 6/50:  46%|████▌     | 125/274 [00:00<00:00, 195.94it/s]
Epoch 6/50:  53%|█████▎    | 146/274 [00:00<00:00, 197.96it/s]
Epoch 6/50:  61%|██████    | 166/274 [00:00<00:00, 198.32it/s]
Epoch 6/50:  69%|██████▉   | 189/274 [00:01<00:00, 206.68it/s]
Epoch 6/50:  77%|███████▋  | 210/274 [00:01<00:00, 205.51it/s]
Epoch 6/50:  85%|████████▍ | 232/274 [00:01<00:00, 207.20it/s]
Epoch 6/50:  93%|█████████▎| 254/274 [00:01<00:00, 210.32it/s]
                                                              
Epoch [6/50] - Avg Loss: 0.3702, Accuracy: 86.31%
Validation - Loss: 0.3737, Accuracy: 85.82%
Patience counter: 1/10

Epoch 7/50:   0%|          | 0/274 [00:00<?, ?it/s]
Epoch 7/50:   0%|          | 1/274 [00:00<00:31,  8.63it/s]
Epoch 7/50:   7%|▋         | 19/274 [00:00<00:02, 100.58it/s]
Epoch 7/50:  15%|█▍        | 40/274 [00:00<00:01, 144.94it/s]
Epoch 7/50:  22%|██▏       | 60/274 [00:00<00:01, 165.28it/s]
Epoch 7/50:  30%|██▉       | 81/274 [00:00<00:01, 179.50it/s]
Epoch 7/50:  37%|███▋      | 102/274 [00:00<00:00, 188.93it/s]
Epoch 7/50:  45%|████▍     | 123/274 [00:00<00:00, 193.78it/s]
Epoch 7/50:  53%|█████▎    | 145/274 [00:00<00:00, 199.28it/s]
Epoch 7/50:  61%|██████    | 166/274 [00:00<00:00, 202.28it/s]
Epoch 7/50:  69%|██████▊   | 188/274 [00:01<00:00, 204.81it/s]
Epoch 7/50:  77%|███████▋  | 210/274 [00:01<00:00, 205.67it/s]
Epoch 7/50:  85%|████████▍ | 232/274 [00:01<00:00, 207.66it/s]
Epoch 7/50:  92%|█████████▏| 253/274 [00:01<00:00, 206.84it/s]
                                                              
Epoch [7/50] - Avg Loss: 0.3588, Accuracy: 86.92%
Validation - Loss: 0.3658, Accuracy: 86.34%
Patience counter: 2/10

Epoch 8/50:   0%|          | 0/274 [00:00<?, ?it/s]
Epoch 8/50:   1%|          | 2/274 [00:00<00:14, 19.02it/s]
Epoch 8/50:   7%|▋         | 20/274 [00:00<00:02, 110.63it/s]
Epoch 8/50:  15%|█▍        | 40/274 [00:00<00:01, 146.81it/s]
Epoch 8/50:  22%|██▏       | 60/274 [00:00<00:01, 166.29it/s]
Epoch 8/50:  30%|██▉       | 81/274 [00:00<00:01, 181.66it/s]
Epoch 8/50:  37%|███▋      | 102/274 [00:00<00:00, 188.23it/s]
Epoch 8/50:  45%|████▍     | 122/274 [00:00<00:00, 191.83it/s]
Epoch 8/50:  53%|█████▎    | 144/274 [00:00<00:00, 200.08it/s]
Epoch 8/50:  60%|██████    | 165/274 [00:00<00:00, 202.41it/s]
Epoch 8/50:  68%|██████▊   | 187/274 [00:01<00:00, 205.53it/s]
Epoch 8/50:  76%|███████▌  | 208/274 [00:01<00:00, 206.81it/s]
Epoch 8/50:  84%|████████▍ | 230/274 [00:01<00:00, 209.75it/s]
Epoch 8/50:  92%|█████████▏| 251/274 [00:01<00:00, 209.64it/s]
Epoch 8/50: 100%|█████████▉| 273/274 [00:01<00:00, 212.27it/s]
                                                              
Epoch [8/50] - Avg Loss: 0.3475, Accuracy: 87.25%
Validation - Loss: 0.3536, Accuracy: 86.92%

Epoch 9/50:   0%|          | 0/274 [00:00<?, ?it/s]
Epoch 9/50:   1%|          | 2/274 [00:00<00:14, 18.98it/s]
Epoch 9/50:   8%|▊         | 21/274 [00:00<00:02, 115.45it/s]
Epoch 9/50:  15%|█▍        | 41/274 [00:00<00:01, 150.01it/s]
Epoch 9/50:  22%|██▏       | 60/274 [00:00<00:01, 164.80it/s]
Epoch 9/50:  29%|██▉       | 80/274 [00:00<00:01, 176.37it/s]
Epoch 9/50:  36%|███▋      | 100/274 [00:00<00:00, 184.05it/s]
Epoch 9/50:  44%|████▍     | 121/274 [00:00<00:00, 188.84it/s]
Epoch 9/50:  52%|█████▏    | 142/274 [00:00<00:00, 193.35it/s]
Epoch 9/50:  60%|█████▉    | 164/274 [00:00<00:00, 198.93it/s]
Epoch 9/50:  68%|██████▊   | 185/274 [00:01<00:00, 199.64it/s]
Epoch 9/50:  76%|███████▌  | 207/274 [00:01<00:00, 202.49it/s]
Epoch 9/50:  84%|████████▎ | 229/274 [00:01<00:00, 205.68it/s]
Epoch 9/50:  92%|█████████▏| 252/274 [00:01<00:00, 209.01it/s]
                                                              
Epoch [9/50] - Avg Loss: 0.3357, Accuracy: 87.63%
Validation - Loss: 0.3429, Accuracy: 87.56%

Epoch 10/50:   0%|          | 0/274 [00:00<?, ?it/s]
Epoch 10/50:   1%|          | 2/274 [00:00<00:13, 19.44it/s]
Epoch 10/50:   8%|▊         | 21/274 [00:00<00:02, 115.86it/s]
Epoch 10/50:  15%|█▍        | 40/274 [00:00<00:01, 147.25it/s]
Epoch 10/50:  22%|██▏       | 60/274 [00:00<00:01, 165.00it/s]
Epoch 10/50:  30%|██▉       | 81/274 [00:00<00:01, 179.45it/s]
Epoch 10/50:  37%|███▋      | 101/274 [00:00<00:00, 185.38it/s]
Epoch 10/50:  45%|████▍     | 123/274 [00:00<00:00, 195.93it/s]
Epoch 10/50:  52%|█████▏    | 143/274 [00:00<00:00, 196.71it/s]
Epoch 10/50:  60%|█████▉    | 164/274 [00:00<00:00, 199.07it/s]
Epoch 10/50:  68%|██████▊   | 185/274 [00:01<00:00, 200.62it/s]
Epoch 10/50:  76%|███████▌  | 208/274 [00:01<00:00, 206.40it/s]
Epoch 10/50:  84%|████████▍ | 230/274 [00:01<00:00, 208.37it/s]
Epoch 10/50:  92%|█████████▏| 252/274 [00:01<00:00, 209.76it/s]
                                                               
Epoch [10/50] - Avg Loss: 0.3259, Accuracy: 88.04%
Validation - Loss: 0.3471, Accuracy: 87.26%
Patience counter: 1/10

Epoch 11/50:   0%|          | 0/274 [00:00<?, ?it/s]
Epoch 11/50:   0%|          | 1/274 [00:00<00:30,  8.93it/s]
Epoch 11/50:   7%|▋         | 19/274 [00:00<00:02, 103.23it/s]
Epoch 11/50:  14%|█▍        | 38/274 [00:00<00:01, 140.98it/s]
Epoch 11/50:  21%|██        | 57/274 [00:00<00:01, 158.33it/s]
Epoch 11/50:  28%|██▊       | 77/274 [00:00<00:01, 170.08it/s]
Epoch 11/50:  35%|███▌      | 97/274 [00:00<00:00, 177.75it/s]
Epoch 11/50:  43%|████▎     | 117/274 [00:00<00:00, 182.47it/s]
Epoch 11/50:  50%|█████     | 138/274 [00:00<00:00, 189.36it/s]
Epoch 11/50:  58%|█████▊    | 160/274 [00:00<00:00, 197.64it/s]
Epoch 11/50:  66%|██████▌   | 181/274 [00:01<00:00, 200.22it/s]
Epoch 11/50:  74%|███████▍  | 204/274 [00:01<00:00, 205.18it/s]
Epoch 11/50:  82%|████████▏ | 225/274 [00:01<00:00, 203.45it/s]
Epoch 11/50:  90%|█████████ | 247/274 [00:01<00:00, 208.05it/s]
Epoch 11/50:  98%|█████████▊| 268/274 [00:01<00:00, 207.86it/s]
                                                               
Epoch [11/50] - Avg Loss: 0.3169, Accuracy: 88.31%
Validation - Loss: 0.3308, Accuracy: 88.18%

Epoch 12/50:   0%|          | 0/274 [00:00<?, ?it/s]
Epoch 12/50:   0%|          | 1/274 [00:00<00:28,  9.62it/s]
Epoch 12/50:   8%|▊         | 21/274 [00:00<00:02, 117.94it/s]
Epoch 12/50:  15%|█▍        | 41/274 [00:00<00:01, 152.56it/s]
Epoch 12/50:  22%|██▏       | 60/274 [00:00<00:01, 162.97it/s]
Epoch 12/50:  30%|██▉       | 82/274 [00:00<00:01, 180.19it/s]
Epoch 12/50:  38%|███▊      | 103/274 [00:00<00:00, 189.45it/s]
Epoch 12/50:  45%|████▌     | 124/274 [00:00<00:00, 195.18it/s]
Epoch 12/50:  53%|█████▎    | 146/274 [00:00<00:00, 201.69it/s]
Epoch 12/50:  61%|██████    | 167/274 [00:00<00:00, 203.84it/s]
Epoch 12/50:  69%|██████▊   | 188/274 [00:01<00:00, 203.27it/s]
Epoch 12/50:  77%|███████▋  | 210/274 [00:01<00:00, 206.50it/s]
Epoch 12/50:  84%|████████▍ | 231/274 [00:01<00:00, 205.68it/s]
Epoch 12/50:  92%|█████████▏| 252/274 [00:01<00:00, 205.47it/s]
                                                               
Epoch [12/50] - Avg Loss: 0.3101, Accuracy: 88.35%
Validation - Loss: 0.3377, Accuracy: 87.80%
Patience counter: 1/10

Epoch 13/50:   0%|          | 0/274 [00:00<?, ?it/s]
Epoch 13/50:   1%|          | 2/274 [00:00<00:13, 19.91it/s]
Epoch 13/50:   7%|▋         | 19/274 [00:00<00:02, 107.48it/s]
Epoch 13/50:  15%|█▍        | 40/274 [00:00<00:01, 152.18it/s]
Epoch 13/50:  22%|██▏       | 60/274 [00:00<00:01, 167.54it/s]
Epoch 13/50:  30%|██▉       | 82/274 [00:00<00:01, 183.65it/s]
Epoch 13/50:  38%|███▊      | 103/274 [00:00<00:00, 191.78it/s]
Epoch 13/50:  45%|████▌     | 124/274 [00:00<00:00, 196.70it/s]
Epoch 13/50:  53%|█████▎    | 146/274 [00:00<00:00, 202.61it/s]
Epoch 13/50:  61%|██████    | 167/274 [00:00<00:00, 203.07it/s]
Epoch 13/50:  69%|██████▊   | 188/274 [00:01<00:00, 201.83it/s]
Epoch 13/50:  77%|███████▋  | 211/274 [00:01<00:00, 206.43it/s]
Epoch 13/50:  85%|████████▌ | 233/274 [00:01<00:00, 204.84it/s]
Epoch 13/50:  93%|█████████▎| 255/274 [00:01<00:00, 208.69it/s]
                                                               
Epoch [13/50] - Avg Loss: 0.3037, Accuracy: 88.76%
Validation - Loss: 0.3293, Accuracy: 87.82%
Patience counter: 2/10

Epoch 14/50:   0%|          | 0/274 [00:00<?, ?it/s]
Epoch 14/50:   1%|          | 2/274 [00:00<00:13, 19.65it/s]
Epoch 14/50:   8%|▊         | 21/274 [00:00<00:02, 115.36it/s]
Epoch 14/50:  15%|█▍        | 40/274 [00:00<00:01, 147.33it/s]
Epoch 14/50:  22%|██▏       | 59/274 [00:00<00:01, 163.81it/s]
Epoch 14/50:  29%|██▉       | 80/274 [00:00<00:01, 178.05it/s]
Epoch 14/50:  36%|███▋      | 100/274 [00:00<00:00, 184.20it/s]
Epoch 14/50:  45%|████▍     | 123/274 [00:00<00:00, 193.80it/s]
Epoch 14/50:  53%|█████▎    | 145/274 [00:00<00:00, 200.15it/s]
Epoch 14/50:  61%|██████    | 166/274 [00:00<00:00, 202.55it/s]
Epoch 14/50:  68%|██████▊   | 187/274 [00:01<00:00, 203.88it/s]
Epoch 14/50:  76%|███████▋  | 209/274 [00:01<00:00, 206.00it/s]
Epoch 14/50:  84%|████████▍ | 231/274 [00:01<00:00, 207.77it/s]
Epoch 14/50:  92%|█████████▏| 252/274 [00:01<00:00, 205.58it/s]
                                                               
Epoch [14/50] - Avg Loss: 0.2961, Accuracy: 88.86%
Validation - Loss: 0.3279, Accuracy: 88.00%
Epoch 00014: reducing learning rate of group 0 to 5.0000e-04.
Patience counter: 3/10

Epoch 15/50:   0%|          | 0/274 [00:00<?, ?it/s]
Epoch 15/50:   1%|          | 2/274 [00:00<00:13, 19.87it/s]
Epoch 15/50:   7%|▋         | 20/274 [00:00<00:02, 112.77it/s]
Epoch 15/50:  14%|█▍        | 38/274 [00:00<00:01, 143.26it/s]
Epoch 15/50:  22%|██▏       | 59/274 [00:00<00:01, 168.14it/s]
Epoch 15/50:  30%|██▉       | 81/274 [00:00<00:01, 183.79it/s]
Epoch 15/50:  37%|███▋      | 101/274 [00:00<00:00, 187.05it/s]
Epoch 15/50:  45%|████▍     | 123/274 [00:00<00:00, 197.52it/s]
Epoch 15/50:  53%|█████▎    | 144/274 [00:00<00:00, 198.83it/s]
Epoch 15/50:  60%|█████▉    | 164/274 [00:00<00:00, 198.71it/s]
Epoch 15/50:  68%|██████▊   | 186/274 [00:01<00:00, 203.52it/s]
Epoch 15/50:  76%|███████▌  | 208/274 [00:01<00:00, 208.21it/s]
Epoch 15/50:  84%|████████▍ | 230/274 [00:01<00:00, 209.72it/s]
Epoch 15/50:  92%|█████████▏| 251/274 [00:01<00:00, 205.53it/s]
Epoch 15/50: 100%|██████████| 274/274 [00:01<00:00, 212.72it/s]
                                                               
Epoch [15/50] - Avg Loss: 0.2696, Accuracy: 89.88%
Validation - Loss: 0.3221, Accuracy: 88.60%

Epoch 16/50:   0%|          | 0/274 [00:00<?, ?it/s]
Epoch 16/50:   0%|          | 1/274 [00:00<00:28,  9.42it/s]
Epoch 16/50:   7%|▋         | 19/274 [00:00<00:02, 104.04it/s]
Epoch 16/50:  14%|█▍        | 39/274 [00:00<00:01, 145.95it/s]
Epoch 16/50:  21%|██        | 58/274 [00:00<00:01, 161.21it/s]
Epoch 16/50:  28%|██▊       | 78/274 [00:00<00:01, 171.43it/s]
Epoch 16/50:  36%|███▌      | 99/274 [00:00<00:00, 184.14it/s]
Epoch 16/50:  44%|████▍     | 121/274 [00:00<00:00, 192.15it/s]
Epoch 16/50:  52%|█████▏    | 142/274 [00:00<00:00, 197.34it/s]
Epoch 16/50:  59%|█████▉    | 162/274 [00:00<00:00, 198.14it/s]
Epoch 16/50:  67%|██████▋   | 184/274 [00:01<00:00, 203.54it/s]
Epoch 16/50:  75%|███████▌  | 206/274 [00:01<00:00, 208.29it/s]
Epoch 16/50:  83%|████████▎ | 227/274 [00:01<00:00, 203.33it/s]
Epoch 16/50:  91%|█████████ | 248/274 [00:01<00:00, 204.93it/s]
Epoch 16/50:  98%|█████████▊| 269/274 [00:01<00:00, 204.86it/s]
                                                               
Epoch [16/50] - Avg Loss: 0.2629, Accuracy: 90.29%
Validation - Loss: 0.3261, Accuracy: 88.26%
Patience counter: 1/10

Epoch 17/50:   0%|          | 0/274 [00:00<?, ?it/s]
Epoch 17/50:   0%|          | 1/274 [00:00<00:31,  8.71it/s]
Epoch 17/50:   7%|▋         | 20/274 [00:00<00:02, 107.48it/s]
Epoch 17/50:  14%|█▍        | 39/274 [00:00<00:01, 141.99it/s]
Epoch 17/50:  21%|██        | 58/274 [00:00<00:01, 160.32it/s]
Epoch 17/50:  28%|██▊       | 77/274 [00:00<00:01, 169.67it/s]
Epoch 17/50:  35%|███▌      | 97/274 [00:00<00:00, 178.70it/s]
Epoch 17/50:  43%|████▎     | 117/274 [00:00<00:00, 185.05it/s]
Epoch 17/50:  50%|█████     | 137/274 [00:00<00:00, 189.30it/s]
Epoch 17/50:  58%|█████▊    | 160/274 [00:00<00:00, 196.40it/s]
Epoch 17/50:  66%|██████▌   | 181/274 [00:01<00:00, 198.26it/s]
Epoch 17/50:  74%|███████▍  | 203/274 [00:01<00:00, 202.40it/s]
Epoch 17/50:  82%|████████▏ | 225/274 [00:01<00:00, 207.53it/s]
Epoch 17/50:  90%|████████▉ | 246/274 [00:01<00:00, 205.07it/s]
Epoch 17/50:  98%|█████████▊| 268/274 [00:01<00:00, 206.24it/s]
                                                               
Epoch [17/50] - Avg Loss: 0.2575, Accuracy: 90.43%
Validation - Loss: 0.3223, Accuracy: 88.66%

Epoch 18/50:   0%|          | 0/274 [00:00<?, ?it/s]
Epoch 18/50:   1%|          | 2/274 [00:00<00:14, 19.35it/s]
Epoch 18/50:   8%|▊         | 21/274 [00:00<00:02, 115.88it/s]
Epoch 18/50:  15%|█▍        | 40/274 [00:00<00:01, 148.67it/s]
Epoch 18/50:  22%|██▏       | 60/274 [00:00<00:01, 167.99it/s]
Epoch 18/50:  30%|██▉       | 81/274 [00:00<00:01, 179.81it/s]
Epoch 18/50:  38%|███▊      | 103/274 [00:00<00:00, 192.35it/s]
Epoch 18/50:  45%|████▌     | 124/274 [00:00<00:00, 196.59it/s]
Epoch 18/50:  53%|█████▎    | 145/274 [00:00<00:00, 199.62it/s]
Epoch 18/50:  61%|██████    | 166/274 [00:00<00:00, 202.63it/s]
Epoch 18/50:  68%|██████▊   | 187/274 [00:01<00:00, 204.80it/s]
Epoch 18/50:  76%|███████▌  | 208/274 [00:01<00:00, 206.01it/s]
Epoch 18/50:  84%|████████▎ | 229/274 [00:01<00:00, 206.18it/s]
Epoch 18/50:  91%|█████████ | 250/274 [00:01<00:00, 207.27it/s]
Epoch 18/50:  99%|█████████▉| 271/274 [00:01<00:00, 207.35it/s]
                                                               
Epoch [18/50] - Avg Loss: 0.2552, Accuracy: 90.47%
Validation - Loss: 0.3208, Accuracy: 88.52%
Patience counter: 1/10

Epoch 19/50:   0%|          | 0/274 [00:00<?, ?it/s]
Epoch 19/50:   1%|          | 2/274 [00:00<00:14, 19.35it/s]
Epoch 19/50:   8%|▊         | 21/274 [00:00<00:02, 115.88it/s]
Epoch 19/50:  15%|█▍        | 40/274 [00:00<00:01, 148.10it/s]
Epoch 19/50:  22%|██▏       | 59/274 [00:00<00:01, 164.27it/s]
Epoch 19/50:  29%|██▉       | 80/274 [00:00<00:01, 180.47it/s]
Epoch 19/50:  37%|███▋      | 101/274 [00:00<00:00, 188.98it/s]
Epoch 19/50:  45%|████▍     | 122/274 [00:00<00:00, 194.40it/s]
Epoch 19/50:  52%|█████▏    | 143/274 [00:00<00:00, 198.86it/s]
Epoch 19/50:  60%|██████    | 165/274 [00:00<00:00, 202.23it/s]
Epoch 19/50:  68%|██████▊   | 187/274 [00:01<00:00, 205.83it/s]
Epoch 19/50:  76%|███████▋  | 209/274 [00:01<00:00, 203.62it/s]
Epoch 19/50:  84%|████████▍ | 231/274 [00:01<00:00, 206.71it/s]
Epoch 19/50:  92%|█████████▏| 252/274 [00:01<00:00, 206.25it/s]
                                                               
Epoch [19/50] - Avg Loss: 0.2506, Accuracy: 90.63%
Validation - Loss: 0.3208, Accuracy: 88.92%

Epoch 20/50:   0%|          | 0/274 [00:00<?, ?it/s]
Epoch 20/50:   0%|          | 1/274 [00:00<00:28,  9.54it/s]
Epoch 20/50:   7%|▋         | 19/274 [00:00<00:02, 103.81it/s]
Epoch 20/50:  15%|█▍        | 40/274 [00:00<00:01, 147.44it/s]
Epoch 20/50:  22%|██▏       | 59/274 [00:00<00:01, 162.67it/s]
Epoch 20/50:  29%|██▉       | 79/274 [00:00<00:01, 173.16it/s]
Epoch 20/50:  36%|███▌      | 99/274 [00:00<00:00, 179.01it/s]
Epoch 20/50:  44%|████▍     | 120/274 [00:00<00:00, 187.76it/s]
Epoch 20/50:  51%|█████▏    | 141/274 [00:00<00:00, 192.70it/s]
Epoch 20/50:  59%|█████▉    | 163/274 [00:00<00:00, 198.33it/s]
Epoch 20/50:  67%|██████▋   | 184/274 [00:01<00:00, 200.96it/s]
Epoch 20/50:  75%|███████▍  | 205/274 [00:01<00:00, 200.33it/s]
Epoch 20/50:  82%|████████▏ | 226/274 [00:01<00:00, 202.30it/s]
Epoch 20/50:  91%|█████████ | 248/274 [00:01<00:00, 206.48it/s]
Epoch 20/50:  98%|█████████▊| 269/274 [00:01<00:00, 206.71it/s]
                                                               
Epoch [20/50] - Avg Loss: 0.2419, Accuracy: 91.05%
Validation - Loss: 0.3281, Accuracy: 88.78%
Patience counter: 1/10

Epoch 21/50:   0%|          | 0/274 [00:00<?, ?it/s]
Epoch 21/50:   0%|          | 1/274 [00:00<00:29,  9.19it/s]
Epoch 21/50:   7%|▋         | 19/274 [00:00<00:02, 103.65it/s]
Epoch 21/50:  14%|█▍        | 38/274 [00:00<00:01, 138.60it/s]
Epoch 21/50:  21%|██        | 58/274 [00:00<00:01, 160.14it/s]
Epoch 21/50:  29%|██▉       | 80/274 [00:00<00:01, 180.12it/s]
Epoch 21/50:  36%|███▋      | 100/274 [00:00<00:00, 184.53it/s]
Epoch 21/50:  44%|████▍     | 121/274 [00:00<00:00, 192.32it/s]
Epoch 21/50:  52%|█████▏    | 143/274 [00:00<00:00, 200.91it/s]
Epoch 21/50:  60%|█████▉    | 164/274 [00:00<00:00, 200.95it/s]
Epoch 21/50:  68%|██████▊   | 186/274 [00:01<00:00, 205.51it/s]
Epoch 21/50:  76%|███████▌  | 207/274 [00:01<00:00, 206.19it/s]
Epoch 21/50:  83%|████████▎ | 228/274 [00:01<00:00, 205.23it/s]
Epoch 21/50:  91%|█████████ | 250/274 [00:01<00:00, 208.57it/s]
Epoch 21/50:  99%|█████████▉| 271/274 [00:01<00:00, 206.21it/s]
                                                               
Epoch [21/50] - Avg Loss: 0.2418, Accuracy: 90.97%
Validation - Loss: 0.3314, Accuracy: 88.26%
Patience counter: 2/10

Epoch 22/50:   0%|          | 0/274 [00:00<?, ?it/s]
Epoch 22/50:   0%|          | 1/274 [00:00<00:27,  9.93it/s]
Epoch 22/50:   7%|▋         | 19/274 [00:00<00:02, 108.12it/s]
Epoch 22/50:  14%|█▍        | 39/274 [00:00<00:01, 146.41it/s]
Epoch 22/50:  22%|██▏       | 59/274 [00:00<00:01, 162.75it/s]
Epoch 22/50:  29%|██▉       | 80/274 [00:00<00:01, 178.06it/s]
Epoch 22/50:  37%|███▋      | 102/274 [00:00<00:00, 188.42it/s]
Epoch 22/50:  45%|████▍     | 122/274 [00:00<00:00, 191.76it/s]
Epoch 22/50:  53%|█████▎    | 144/274 [00:00<00:00, 199.41it/s]
Epoch 22/50:  60%|██████    | 165/274 [00:00<00:00, 202.45it/s]
Epoch 22/50:  68%|██████▊   | 187/274 [00:01<00:00, 205.34it/s]
Epoch 22/50:  76%|███████▋  | 209/274 [00:01<00:00, 208.07it/s]
Epoch 22/50:  84%|████████▍ | 230/274 [00:01<00:00, 206.71it/s]
Epoch 22/50:  92%|█████████▏| 252/274 [00:01<00:00, 207.84it/s]
                                                               
Epoch [22/50] - Avg Loss: 0.2354, Accuracy: 91.19%
Validation - Loss: 0.3297, Accuracy: 88.54%
Epoch 00022: reducing learning rate of group 0 to 2.5000e-04.
Patience counter: 3/10

Epoch 23/50:   0%|          | 0/274 [00:00<?, ?it/s]
Epoch 23/50:   1%|          | 2/274 [00:00<00:13, 19.49it/s]
Epoch 23/50:   8%|▊         | 21/274 [00:00<00:02, 116.62it/s]
Epoch 23/50:  15%|█▍        | 40/274 [00:00<00:01, 148.72it/s]
Epoch 23/50:  22%|██▏       | 61/274 [00:00<00:01, 169.94it/s]
Epoch 23/50:  30%|███       | 83/274 [00:00<00:01, 184.72it/s]
Epoch 23/50:  38%|███▊      | 103/274 [00:00<00:00, 189.17it/s]
Epoch 23/50:  45%|████▌     | 124/274 [00:00<00:00, 195.63it/s]
Epoch 23/50:  53%|█████▎    | 145/274 [00:00<00:00, 199.39it/s]
Epoch 23/50:  60%|██████    | 165/274 [00:00<00:00, 198.82it/s]
Epoch 23/50:  68%|██████▊   | 187/274 [00:01<00:00, 203.32it/s]
Epoch 23/50:  76%|███████▌  | 208/274 [00:01<00:00, 203.29it/s]
Epoch 23/50:  84%|████████▎ | 229/274 [00:01<00:00, 203.17it/s]
Epoch 23/50:  92%|█████████▏| 251/274 [00:01<00:00, 204.69it/s]
Epoch 23/50: 100%|██████████| 274/274 [00:01<00:00, 212.02it/s]
                                                               
Epoch [23/50] - Avg Loss: 0.2219, Accuracy: 91.84%
Validation - Loss: 0.3137, Accuracy: 88.94%

Epoch 24/50:   0%|          | 0/274 [00:00<?, ?it/s]
Epoch 24/50:   1%|          | 3/274 [00:00<00:09, 28.28it/s]
Epoch 24/50:   8%|▊         | 21/274 [00:00<00:02, 111.61it/s]
Epoch 24/50:  15%|█▍        | 41/274 [00:00<00:01, 150.33it/s]
Epoch 24/50:  23%|██▎       | 62/274 [00:00<00:01, 172.15it/s]
Epoch 24/50:  31%|███       | 84/274 [00:00<00:01, 186.13it/s]
Epoch 24/50:  38%|███▊      | 105/274 [00:00<00:00, 190.39it/s]
Epoch 24/50:  46%|████▋     | 127/274 [00:00<00:00, 196.39it/s]
Epoch 24/50:  54%|█████▍    | 148/274 [00:00<00:00, 199.87it/s]
Epoch 24/50:  62%|██████▏   | 170/274 [00:00<00:00, 203.67it/s]
Epoch 24/50:  70%|███████   | 192/274 [00:01<00:00, 205.58it/s]
Epoch 24/50:  78%|███████▊  | 213/274 [00:01<00:00, 204.20it/s]
Epoch 24/50:  86%|████████▌ | 235/274 [00:01<00:00, 205.51it/s]
Epoch 24/50:  94%|█████████▍| 257/274 [00:01<00:00, 206.57it/s]
                                                               
Epoch [24/50] - Avg Loss: 0.2172, Accuracy: 91.85%
Validation - Loss: 0.3199, Accuracy: 88.94%
Patience counter: 1/10

Epoch 25/50:   0%|          | 0/274 [00:00<?, ?it/s]
Epoch 25/50:   0%|          | 1/274 [00:00<00:29,  9.18it/s]
Epoch 25/50:   7%|▋         | 19/274 [00:00<00:02, 105.42it/s]
Epoch 25/50:  14%|█▍        | 39/274 [00:00<00:01, 144.89it/s]
Epoch 25/50:  22%|██▏       | 60/274 [00:00<00:01, 167.68it/s]
Epoch 25/50:  29%|██▉       | 80/274 [00:00<00:01, 178.33it/s]
Epoch 25/50:  37%|███▋      | 101/274 [00:00<00:00, 187.20it/s]
Epoch 25/50:  45%|████▍     | 122/274 [00:00<00:00, 192.69it/s]
Epoch 25/50:  52%|█████▏    | 143/274 [00:00<00:00, 197.35it/s]
Epoch 25/50:  60%|█████▉    | 164/274 [00:00<00:00, 200.13it/s]
Epoch 25/50:  68%|██████▊   | 185/274 [00:01<00:00, 201.88it/s]
Epoch 25/50:  76%|███████▌  | 207/274 [00:01<00:00, 206.57it/s]
Epoch 25/50:  83%|████████▎ | 228/274 [00:01<00:00, 204.33it/s]
Epoch 25/50:  91%|█████████ | 249/274 [00:01<00:00, 203.97it/s]
Epoch 25/50:  99%|█████████▊| 270/274 [00:01<00:00, 204.97it/s]
                                                               
Epoch [25/50] - Avg Loss: 0.2150, Accuracy: 92.00%
Validation - Loss: 0.3231, Accuracy: 88.54%
Patience counter: 2/10

Epoch 26/50:   0%|          | 0/274 [00:00<?, ?it/s]
Epoch 26/50:   1%|          | 2/274 [00:00<00:14, 19.03it/s]
Epoch 26/50:   8%|▊         | 21/274 [00:00<00:02, 116.30it/s]
Epoch 26/50:  15%|█▍        | 40/274 [00:00<00:01, 147.84it/s]
Epoch 26/50:  22%|██▏       | 60/274 [00:00<00:01, 166.37it/s]
Epoch 26/50:  29%|██▉       | 80/274 [00:00<00:01, 177.24it/s]
Epoch 26/50:  36%|███▌      | 99/274 [00:00<00:00, 180.99it/s]
Epoch 26/50:  43%|████▎     | 119/274 [00:00<00:00, 185.24it/s]
Epoch 26/50:  51%|█████     | 139/274 [00:00<00:00, 187.21it/s]
Epoch 26/50:  58%|█████▊    | 159/274 [00:00<00:00, 189.29it/s]
Epoch 26/50:  65%|██████▌   | 179/274 [00:01<00:00, 190.84it/s]
Epoch 26/50:  73%|███████▎  | 199/274 [00:01<00:00, 192.81it/s]
Epoch 26/50:  80%|███████▉  | 219/274 [00:01<00:00, 192.43it/s]
Epoch 26/50:  87%|████████▋ | 239/274 [00:01<00:00, 192.24it/s]
Epoch 26/50:  95%|█████████▍| 259/274 [00:01<00:00, 192.81it/s]
                                                               
Epoch [26/50] - Avg Loss: 0.2127, Accuracy: 92.09%
Validation - Loss: 0.3187, Accuracy: 88.72%
Epoch 00026: reducing learning rate of group 0 to 1.2500e-04.
Patience counter: 3/10

Epoch 27/50:   0%|          | 0/274 [00:00<?, ?it/s]
Epoch 27/50:   1%|          | 3/274 [00:00<00:09, 28.04it/s]
Epoch 27/50:   8%|▊         | 23/274 [00:00<00:02, 121.03it/s]
Epoch 27/50:  15%|█▌        | 42/274 [00:00<00:01, 150.83it/s]
Epoch 27/50:  23%|██▎       | 62/274 [00:00<00:01, 167.11it/s]
Epoch 27/50:  31%|███       | 84/274 [00:00<00:01, 182.81it/s]
Epoch 27/50:  38%|███▊      | 104/274 [00:00<00:00, 187.80it/s]
Epoch 27/50:  46%|████▌     | 126/274 [00:00<00:00, 194.35it/s]
Epoch 27/50:  54%|█████▎    | 147/274 [00:00<00:00, 198.05it/s]
Epoch 27/50:  61%|██████▏   | 168/274 [00:00<00:00, 200.57it/s]
Epoch 27/50:  69%|██████▉   | 190/274 [00:01<00:00, 203.90it/s]
Epoch 27/50:  77%|███████▋  | 211/274 [00:01<00:00, 205.54it/s]
Epoch 27/50:  85%|████████▍ | 232/274 [00:01<00:00, 203.76it/s]
Epoch 27/50:  93%|█████████▎| 254/274 [00:01<00:00, 205.31it/s]
                                                               
Epoch [27/50] - Avg Loss: 0.2028, Accuracy: 92.33%
Validation - Loss: 0.3148, Accuracy: 88.94%
Patience counter: 4/10

Epoch 28/50:   0%|          | 0/274 [00:00<?, ?it/s]
Epoch 28/50:   0%|          | 1/274 [00:00<00:29,  9.36it/s]
Epoch 28/50:   7%|▋         | 18/274 [00:00<00:02, 97.16it/s]
Epoch 28/50:  14%|█▍        | 38/274 [00:00<00:01, 139.86it/s]
Epoch 28/50:  21%|██        | 58/274 [00:00<00:01, 162.10it/s]
Epoch 28/50:  29%|██▉       | 79/274 [00:00<00:01, 177.61it/s]
Epoch 28/50:  37%|███▋      | 101/274 [00:00<00:00, 188.46it/s]
Epoch 28/50:  45%|████▍     | 123/274 [00:00<00:00, 196.95it/s]
Epoch 28/50:  53%|█████▎    | 144/274 [00:00<00:00, 199.52it/s]
Epoch 28/50:  60%|█████▉    | 164/274 [00:00<00:00, 197.95it/s]
Epoch 28/50:  68%|██████▊   | 185/274 [00:01<00:00, 199.42it/s]
Epoch 28/50:  76%|███████▌  | 208/274 [00:01<00:00, 206.85it/s]
Epoch 28/50:  84%|████████▎ | 229/274 [00:01<00:00, 207.05it/s]
Epoch 28/50:  92%|█████████▏| 251/274 [00:01<00:00, 208.78it/s]
Epoch 28/50: 100%|█████████▉| 273/274 [00:01<00:00, 211.05it/s]
                                                               
Epoch [28/50] - Avg Loss: 0.2023, Accuracy: 92.53%
Validation - Loss: 0.3161, Accuracy: 88.78%
Patience counter: 5/10

Epoch 29/50:   0%|          | 0/274 [00:00<?, ?it/s]
Epoch 29/50:   0%|          | 1/274 [00:00<00:28,  9.52it/s]
Epoch 29/50:   7%|▋         | 18/274 [00:00<00:02, 101.45it/s]
Epoch 29/50:  14%|█▍        | 39/274 [00:00<00:01, 148.62it/s]
Epoch 29/50:  22%|██▏       | 59/274 [00:00<00:01, 164.11it/s]
Epoch 29/50:  29%|██▉       | 79/274 [00:00<00:01, 174.30it/s]
Epoch 29/50:  36%|███▌      | 99/274 [00:00<00:00, 179.95it/s]
Epoch 29/50:  43%|████▎     | 119/274 [00:00<00:00, 184.92it/s]
Epoch 29/50:  51%|█████     | 140/274 [00:00<00:00, 189.25it/s]
Epoch 29/50:  59%|█████▉    | 161/274 [00:00<00:00, 195.30it/s]
Epoch 29/50:  67%|██████▋   | 183/274 [00:01<00:00, 201.27it/s]
Epoch 29/50:  75%|███████▍  | 205/274 [00:01<00:00, 204.03it/s]
Epoch 29/50:  82%|████████▏ | 226/274 [00:01<00:00, 205.64it/s]
Epoch 29/50:  90%|█████████ | 247/274 [00:01<00:00, 205.41it/s]
Epoch 29/50:  98%|█████████▊| 269/274 [00:01<00:00, 208.75it/s]
                                                               
Epoch [29/50] - Avg Loss: 0.2002, Accuracy: 92.57%
Validation - Loss: 0.3157, Accuracy: 89.02%

Epoch 30/50:   0%|          | 0/274 [00:00<?, ?it/s]
Epoch 30/50:   1%|          | 2/274 [00:00<00:13, 19.66it/s]
Epoch 30/50:   7%|▋         | 20/274 [00:00<00:02, 113.23it/s]
Epoch 30/50:  15%|█▍        | 40/274 [00:00<00:01, 152.25it/s]
Epoch 30/50:  22%|██▏       | 60/274 [00:00<00:01, 167.33it/s]
Epoch 30/50:  29%|██▉       | 80/274 [00:00<00:01, 178.85it/s]
Epoch 30/50:  37%|███▋      | 101/274 [00:00<00:00, 186.11it/s]
Epoch 30/50:  45%|████▍     | 123/274 [00:00<00:00, 196.95it/s]
Epoch 30/50:  52%|█████▏    | 143/274 [00:00<00:00, 196.11it/s]
Epoch 30/50:  61%|██████    | 166/274 [00:00<00:00, 202.96it/s]
Epoch 30/50:  68%|██████▊   | 187/274 [00:01<00:00, 202.83it/s]
Epoch 30/50:  76%|███████▌  | 208/274 [00:01<00:00, 202.92it/s]
Epoch 30/50:  84%|████████▍ | 230/274 [00:01<00:00, 207.00it/s]
Epoch 30/50:  92%|█████████▏| 252/274 [00:01<00:00, 205.28it/s]
                                                               
Epoch [30/50] - Avg Loss: 0.1983, Accuracy: 92.71%
Validation - Loss: 0.3206, Accuracy: 89.18%

Epoch 31/50:   0%|          | 0/274 [00:00<?, ?it/s]
Epoch 31/50:   1%|          | 2/274 [00:00<00:14, 19.15it/s]
Epoch 31/50:   8%|▊         | 21/274 [00:00<00:02, 116.07it/s]
Epoch 31/50:  15%|█▍        | 41/274 [00:00<00:01, 151.11it/s]
Epoch 31/50:  22%|██▏       | 61/274 [00:00<00:01, 168.95it/s]
Epoch 31/50:  30%|██▉       | 81/274 [00:00<00:01, 176.73it/s]
Epoch 31/50:  37%|███▋      | 101/274 [00:00<00:00, 183.90it/s]
Epoch 31/50:  45%|████▍     | 122/274 [00:00<00:00, 189.83it/s]
Epoch 31/50:  52%|█████▏    | 143/274 [00:00<00:00, 195.11it/s]
Epoch 31/50:  60%|█████▉    | 164/274 [00:00<00:00, 198.55it/s]
Epoch 31/50:  68%|██████▊   | 185/274 [00:01<00:00, 200.49it/s]
Epoch 31/50:  75%|███████▌  | 206/274 [00:01<00:00, 201.31it/s]
Epoch 31/50:  83%|████████▎ | 228/274 [00:01<00:00, 204.74it/s]
Epoch 31/50:  91%|█████████ | 249/274 [00:01<00:00, 206.30it/s]
Epoch 31/50:  99%|█████████▊| 270/274 [00:01<00:00, 203.28it/s]
                                                               
Epoch [31/50] - Avg Loss: 0.1977, Accuracy: 92.63%
Validation - Loss: 0.3183, Accuracy: 89.08%
Patience counter: 1/10

Epoch 32/50:   0%|          | 0/274 [00:00<?, ?it/s]
Epoch 32/50:   1%|          | 2/274 [00:00<00:13, 19.66it/s]
Epoch 32/50:   7%|▋         | 19/274 [00:00<00:02, 107.07it/s]
Epoch 32/50:  15%|█▍        | 40/274 [00:00<00:01, 152.96it/s]
Epoch 32/50:  22%|██▏       | 60/274 [00:00<00:01, 170.79it/s]
Epoch 32/50:  29%|██▉       | 80/274 [00:00<00:01, 178.88it/s]
Epoch 32/50:  37%|███▋      | 102/274 [00:00<00:00, 190.44it/s]
Epoch 32/50:  45%|████▍     | 123/274 [00:00<00:00, 196.30it/s]
Epoch 32/50:  53%|█████▎    | 144/274 [00:00<00:00, 199.73it/s]
Epoch 32/50:  60%|██████    | 165/274 [00:00<00:00, 202.52it/s]
Epoch 32/50:  68%|██████▊   | 187/274 [00:01<00:00, 207.00it/s]
Epoch 32/50:  77%|███████▋  | 210/274 [00:01<00:00, 209.90it/s]
Epoch 32/50:  85%|████████▍ | 232/274 [00:01<00:00, 211.16it/s]
Epoch 32/50:  93%|█████████▎| 254/274 [00:01<00:00, 208.13it/s]
                                                               
Epoch [32/50] - Avg Loss: 0.1953, Accuracy: 92.69%
Validation - Loss: 0.3190, Accuracy: 88.92%
Patience counter: 2/10

Epoch 33/50:   0%|          | 0/274 [00:00<?, ?it/s]
Epoch 33/50:   1%|          | 2/274 [00:00<00:14, 18.17it/s]
Epoch 33/50:   8%|▊         | 21/274 [00:00<00:02, 114.98it/s]
Epoch 33/50:  15%|█▍        | 40/274 [00:00<00:01, 145.13it/s]
Epoch 33/50:  22%|██▏       | 61/274 [00:00<00:01, 168.50it/s]
Epoch 33/50:  30%|██▉       | 82/274 [00:00<00:01, 181.24it/s]
Epoch 33/50:  38%|███▊      | 103/274 [00:00<00:00, 189.59it/s]
Epoch 33/50:  46%|████▌     | 125/274 [00:00<00:00, 197.61it/s]
Epoch 33/50:  53%|█████▎    | 145/274 [00:00<00:00, 197.57it/s]
Epoch 33/50:  61%|██████    | 167/274 [00:00<00:00, 204.13it/s]
Epoch 33/50:  69%|██████▊   | 188/274 [00:01<00:00, 203.86it/s]
Epoch 33/50:  76%|███████▋  | 209/274 [00:01<00:00, 203.89it/s]
Epoch 33/50:  84%|████████▍ | 231/274 [00:01<00:00, 206.13it/s]
Epoch 33/50:  92%|█████████▏| 253/274 [00:01<00:00, 209.55it/s]
                                                               
Epoch [33/50] - Avg Loss: 0.1933, Accuracy: 92.73%
Validation - Loss: 0.3186, Accuracy: 89.32%

Epoch 34/50:   0%|          | 0/274 [00:00<?, ?it/s]
Epoch 34/50:   1%|          | 2/274 [00:00<00:14, 18.93it/s]
Epoch 34/50:   8%|▊         | 21/274 [00:00<00:02, 115.43it/s]
Epoch 34/50:  14%|█▍        | 39/274 [00:00<00:01, 142.79it/s]
Epoch 34/50:  22%|██▏       | 60/274 [00:00<00:01, 167.52it/s]
Epoch 34/50:  29%|██▉       | 80/274 [00:00<00:01, 177.09it/s]
Epoch 34/50:  37%|███▋      | 101/274 [00:00<00:00, 187.48it/s]
Epoch 34/50:  45%|████▍     | 122/274 [00:00<00:00, 192.40it/s]
Epoch 34/50:  53%|█████▎    | 144/274 [00:00<00:00, 200.01it/s]
Epoch 34/50:  60%|██████    | 165/274 [00:00<00:00, 202.22it/s]
Epoch 34/50:  68%|██████▊   | 186/274 [00:01<00:00, 203.59it/s]
Epoch 34/50:  76%|███████▌  | 208/274 [00:01<00:00, 208.31it/s]
Epoch 34/50:  84%|████████▎ | 229/274 [00:01<00:00, 208.27it/s]
Epoch 34/50:  92%|█████████▏| 251/274 [00:01<00:00, 207.71it/s]
Epoch 34/50: 100%|█████████▉| 273/274 [00:01<00:00, 210.89it/s]
                                                               
Epoch [34/50] - Avg Loss: 0.1943, Accuracy: 92.68%
Validation - Loss: 0.3210, Accuracy: 89.10%
Patience counter: 1/10

Epoch 35/50:   0%|          | 0/274 [00:00<?, ?it/s]
Epoch 35/50:   1%|          | 2/274 [00:00<00:13, 19.73it/s]
Epoch 35/50:   8%|▊         | 21/274 [00:00<00:02, 116.57it/s]
Epoch 35/50:  15%|█▍        | 40/274 [00:00<00:01, 149.32it/s]
Epoch 35/50:  22%|██▏       | 60/274 [00:00<00:01, 165.91it/s]
Epoch 35/50:  30%|██▉       | 82/274 [00:00<00:01, 182.83it/s]
Epoch 35/50:  38%|███▊      | 103/274 [00:00<00:00, 191.11it/s]
Epoch 35/50:  46%|████▌     | 125/274 [00:00<00:00, 199.89it/s]
Epoch 35/50:  53%|█████▎    | 145/274 [00:00<00:00, 199.38it/s]
Epoch 35/50:  61%|██████    | 167/274 [00:00<00:00, 202.67it/s]
Epoch 35/50:  69%|██████▊   | 188/274 [00:01<00:00, 202.42it/s]
Epoch 35/50:  77%|███████▋  | 210/274 [00:01<00:00, 206.26it/s]
Epoch 35/50:  85%|████████▍ | 232/274 [00:01<00:00, 208.94it/s]
Epoch 35/50:  92%|█████████▏| 253/274 [00:01<00:00, 208.80it/s]
                                                               
Epoch [35/50] - Avg Loss: 0.1915, Accuracy: 92.94%
Validation - Loss: 0.3196, Accuracy: 89.14%
Patience counter: 2/10

Epoch 36/50:   0%|          | 0/274 [00:00<?, ?it/s]
Epoch 36/50:   0%|          | 1/274 [00:00<00:28,  9.48it/s]
Epoch 36/50:   8%|▊         | 21/274 [00:00<00:02, 113.75it/s]
Epoch 36/50:  15%|█▍        | 41/274 [00:00<00:01, 149.39it/s]
Epoch 36/50:  23%|██▎       | 62/274 [00:00<00:01, 167.88it/s]
Epoch 36/50:  30%|██▉       | 81/274 [00:00<00:01, 175.22it/s]
Epoch 36/50:  38%|███▊      | 103/274 [00:00<00:00, 188.57it/s]
Epoch 36/50:  45%|████▌     | 124/274 [00:00<00:00, 195.06it/s]
Epoch 36/50:  53%|█████▎    | 145/274 [00:00<00:00, 199.30it/s]
Epoch 36/50:  61%|██████    | 166/274 [00:00<00:00, 199.17it/s]
Epoch 36/50:  69%|██████▊   | 188/274 [00:01<00:00, 202.71it/s]
Epoch 36/50:  76%|███████▋  | 209/274 [00:01<00:00, 204.38it/s]
Epoch 36/50:  84%|████████▍ | 231/274 [00:01<00:00, 208.17it/s]
Epoch 36/50:  92%|█████████▏| 252/274 [00:01<00:00, 205.59it/s]
                                                               
Epoch [36/50] - Avg Loss: 0.1866, Accuracy: 93.11%
Validation - Loss: 0.3203, Accuracy: 89.10%
Epoch 00036: reducing learning rate of group 0 to 6.2500e-05.
Patience counter: 3/10

Epoch 37/50:   0%|          | 0/274 [00:00<?, ?it/s]
Epoch 37/50:   0%|          | 1/274 [00:00<00:27,  9.91it/s]
Epoch 37/50:   7%|▋         | 19/274 [00:00<00:02, 107.16it/s]
Epoch 37/50:  14%|█▍        | 39/274 [00:00<00:01, 144.84it/s]
Epoch 37/50:  21%|██        | 58/274 [00:00<00:01, 160.64it/s]
Epoch 37/50:  29%|██▉       | 79/274 [00:00<00:01, 177.66it/s]
Epoch 37/50:  36%|███▋      | 100/274 [00:00<00:00, 187.84it/s]
Epoch 37/50:  44%|████▍     | 120/274 [00:00<00:00, 191.68it/s]
Epoch 37/50:  52%|█████▏    | 142/274 [00:00<00:00, 198.80it/s]
Epoch 37/50:  60%|█████▉    | 164/274 [00:00<00:00, 203.48it/s]
Epoch 37/50:  68%|██████▊   | 185/274 [00:01<00:00, 203.67it/s]
Epoch 37/50:  76%|███████▌  | 207/274 [00:01<00:00, 205.70it/s]
Epoch 37/50:  83%|████████▎ | 228/274 [00:01<00:00, 206.35it/s]
Epoch 37/50:  91%|█████████ | 250/274 [00:01<00:00, 208.35it/s]
Epoch 37/50:  99%|█████████▉| 271/274 [00:01<00:00, 207.37it/s]
                                                               
Epoch [37/50] - Avg Loss: 0.1863, Accuracy: 93.12%
Validation - Loss: 0.3206, Accuracy: 88.92%
Patience counter: 4/10

Epoch 38/50:   0%|          | 0/274 [00:00<?, ?it/s]
Epoch 38/50:   1%|          | 2/274 [00:00<00:14, 19.05it/s]
Epoch 38/50:   8%|▊         | 21/274 [00:00<00:02, 112.74it/s]
Epoch 38/50:  15%|█▍        | 41/274 [00:00<00:01, 149.18it/s]
Epoch 38/50:  23%|██▎       | 63/274 [00:00<00:01, 175.15it/s]
Epoch 38/50:  30%|███       | 83/274 [00:00<00:01, 181.05it/s]
Epoch 38/50:  38%|███▊      | 104/274 [00:00<00:00, 189.25it/s]
Epoch 38/50:  46%|████▌     | 126/274 [00:00<00:00, 197.83it/s]
Epoch 38/50:  54%|█████▍    | 148/274 [00:00<00:00, 201.60it/s]
Epoch 38/50:  62%|██████▏   | 170/274 [00:00<00:00, 204.06it/s]
Epoch 38/50:  70%|██████▉   | 191/274 [00:01<00:00, 205.68it/s]
Epoch 38/50:  78%|███████▊  | 213/274 [00:01<00:00, 207.07it/s]
Epoch 38/50:  86%|████████▌ | 235/274 [00:01<00:00, 209.52it/s]
Epoch 38/50:  93%|█████████▎| 256/274 [00:01<00:00, 205.94it/s]
                                                               
Epoch [38/50] - Avg Loss: 0.1833, Accuracy: 93.05%
Validation - Loss: 0.3198, Accuracy: 88.96%
Patience counter: 5/10

Epoch 39/50:   0%|          | 0/274 [00:00<?, ?it/s]
Epoch 39/50:   0%|          | 1/274 [00:00<00:27,  9.77it/s]
Epoch 39/50:   7%|▋         | 18/274 [00:00<00:02, 101.11it/s]
Epoch 39/50:  14%|█▍        | 38/274 [00:00<00:01, 144.54it/s]
Epoch 39/50:  22%|██▏       | 59/274 [00:00<00:01, 165.61it/s]
Epoch 39/50:  29%|██▉       | 80/274 [00:00<00:01, 181.12it/s]
Epoch 39/50:  37%|███▋      | 102/274 [00:00<00:00, 190.18it/s]
Epoch 39/50:  45%|████▍     | 123/274 [00:00<00:00, 195.67it/s]
Epoch 39/50:  53%|█████▎    | 145/274 [00:00<00:00, 201.79it/s]
Epoch 39/50:  61%|██████    | 166/274 [00:00<00:00, 200.86it/s]
Epoch 39/50:  68%|██████▊   | 187/274 [00:01<00:00, 203.35it/s]
Epoch 39/50:  76%|███████▌  | 208/274 [00:01<00:00, 203.23it/s]
Epoch 39/50:  84%|████████▍ | 230/274 [00:01<00:00, 204.84it/s]
Epoch 39/50:  92%|█████████▏| 253/274 [00:01<00:00, 208.50it/s]
                                                               
Epoch [39/50] - Avg Loss: 0.1852, Accuracy: 93.14%
Validation - Loss: 0.3182, Accuracy: 89.12%
Epoch 00039: reducing learning rate of group 0 to 3.1250e-05.
Patience counter: 6/10

Epoch 40/50:   0%|          | 0/274 [00:00<?, ?it/s]
Epoch 40/50:   1%|          | 2/274 [00:00<00:14, 19.35it/s]
Epoch 40/50:   8%|▊         | 21/274 [00:00<00:02, 117.35it/s]
Epoch 40/50:  15%|█▍        | 41/274 [00:00<00:01, 152.04it/s]
Epoch 40/50:  22%|██▏       | 60/274 [00:00<00:01, 164.90it/s]
Epoch 40/50:  30%|██▉       | 82/274 [00:00<00:01, 182.92it/s]
Epoch 40/50:  38%|███▊      | 103/274 [00:00<00:00, 190.59it/s]
Epoch 40/50:  46%|████▌     | 125/274 [00:00<00:00, 197.13it/s]
Epoch 40/50:  53%|█████▎    | 146/274 [00:00<00:00, 200.71it/s]
Epoch 40/50:  61%|██████▏   | 168/274 [00:00<00:00, 203.14it/s]
Epoch 40/50:  69%|██████▉   | 189/274 [00:01<00:00, 204.37it/s]
Epoch 40/50:  77%|███████▋  | 211/274 [00:01<00:00, 205.76it/s]
Epoch 40/50:  85%|████████▌ | 233/274 [00:01<00:00, 208.94it/s]
Epoch 40/50:  93%|█████████▎| 254/274 [00:01<00:00, 208.80it/s]
                                                               
Epoch [40/50] - Avg Loss: 0.1836, Accuracy: 93.21%
Validation - Loss: 0.3193, Accuracy: 89.22%
Patience counter: 7/10

Epoch 41/50:   0%|          | 0/274 [00:00<?, ?it/s]
Epoch 41/50:   1%|          | 2/274 [00:00<00:14, 19.38it/s]
Epoch 41/50:   8%|▊         | 21/274 [00:00<00:02, 116.15it/s]
Epoch 41/50:  15%|█▍        | 40/274 [00:00<00:01, 147.31it/s]
Epoch 41/50:  22%|██▏       | 59/274 [00:00<00:01, 162.32it/s]
Epoch 41/50:  29%|██▉       | 80/274 [00:00<00:01, 178.12it/s]
Epoch 41/50:  37%|███▋      | 101/274 [00:00<00:00, 188.08it/s]
Epoch 41/50:  44%|████▍     | 121/274 [00:00<00:00, 190.58it/s]
Epoch 41/50:  52%|█████▏    | 143/274 [00:00<00:00, 195.68it/s]
Epoch 41/50:  60%|██████    | 165/274 [00:00<00:00, 198.98it/s]
Epoch 41/50:  68%|██████▊   | 187/274 [00:01<00:00, 205.19it/s]
Epoch 41/50:  76%|███████▌  | 208/274 [00:01<00:00, 202.87it/s]
Epoch 41/50:  84%|████████▍ | 230/274 [00:01<00:00, 204.37it/s]
Epoch 41/50:  92%|█████████▏| 252/274 [00:01<00:00, 207.90it/s]
                                                               
Epoch [41/50] - Avg Loss: 0.1793, Accuracy: 93.30%
Validation - Loss: 0.3190, Accuracy: 89.28%
Patience counter: 8/10

Epoch 42/50:   0%|          | 0/274 [00:00<?, ?it/s]
Epoch 42/50:   1%|          | 2/274 [00:00<00:13, 19.59it/s]
Epoch 42/50:   8%|▊         | 22/274 [00:00<00:02, 120.06it/s]
Epoch 42/50:  15%|█▍        | 41/274 [00:00<00:01, 147.64it/s]
Epoch 42/50:  23%|██▎       | 62/274 [00:00<00:01, 169.04it/s]
Epoch 42/50:  30%|███       | 83/274 [00:00<00:01, 181.97it/s]
Epoch 42/50:  38%|███▊      | 104/274 [00:00<00:00, 190.39it/s]
Epoch 42/50:  46%|████▌     | 125/274 [00:00<00:00, 196.33it/s]
Epoch 42/50:  53%|█████▎    | 146/274 [00:00<00:00, 199.58it/s]
Epoch 42/50:  61%|██████    | 167/274 [00:00<00:00, 201.41it/s]
Epoch 42/50:  69%|██████▊   | 188/274 [00:01<00:00, 201.51it/s]
Epoch 42/50:  77%|███████▋  | 210/274 [00:01<00:00, 204.86it/s]
Epoch 42/50:  84%|████████▍ | 231/274 [00:01<00:00, 205.96it/s]
Epoch 42/50:  92%|█████████▏| 253/274 [00:01<00:00, 208.01it/s]
                                                               
Epoch [42/50] - Avg Loss: 0.1806, Accuracy: 93.33%
Validation - Loss: 0.3205, Accuracy: 89.24%
Epoch 00042: reducing learning rate of group 0 to 1.5625e-05.
Patience counter: 9/10

Epoch 43/50:   0%|          | 0/274 [00:00<?, ?it/s]
Epoch 43/50:   0%|          | 1/274 [00:00<00:30,  8.93it/s]
Epoch 43/50:   7%|▋         | 19/274 [00:00<00:02, 103.47it/s]
Epoch 43/50:  14%|█▍        | 39/274 [00:00<00:01, 144.87it/s]
Epoch 43/50:  21%|██        | 58/274 [00:00<00:01, 160.41it/s]
Epoch 43/50:  29%|██▉       | 79/274 [00:00<00:01, 176.91it/s]
Epoch 43/50:  36%|███▋      | 100/274 [00:00<00:00, 187.01it/s]
Epoch 43/50:  45%|████▍     | 122/274 [00:00<00:00, 195.75it/s]
Epoch 43/50:  52%|█████▏    | 142/274 [00:00<00:00, 195.65it/s]
Epoch 43/50:  60%|█████▉    | 164/274 [00:00<00:00, 202.21it/s]
Epoch 43/50:  68%|██████▊   | 185/274 [00:01<00:00, 202.95it/s]
Epoch 43/50:  76%|███████▌  | 207/274 [00:01<00:00, 205.02it/s]
Epoch 43/50:  84%|████████▎ | 229/274 [00:01<00:00, 209.33it/s]
Epoch 43/50:  91%|█████████ | 250/274 [00:01<00:00, 209.42it/s]
Epoch 43/50:  99%|█████████▉| 271/274 [00:01<00:00, 207.40it/s]
                                                               
Epoch [43/50] - Avg Loss: 0.1812, Accuracy: 93.50%
Validation - Loss: 0.3180, Accuracy: 89.24%
Patience counter: 10/10
Early stopping triggered after 43 epochs
Restored best model weights.
Test - Loss: 0.3483, Accuracy: 88.84%


Evaluating Training Set...
Training - Loss: 0.1246, Accuracy: 95.68%

Evaluating Validation Set...
Validation - Loss: 0.3180, Accuracy: 89.24%

Evaluating Test Set...
Test - Loss: 0.3483, Accuracy: 88.84%

Confusion matrix for Train set saved as Train_confusion_matrix.png
Confusion matrix for Validation set saved as Validation_confusion_matrix.png
Confusion matrix for Test set saved as Test_confusion_matrix.png
*** SLURM BATCH JOB 'test_job' DONE ***
